<?xml version="1.0" encoding="UTF-8"?>
<testng-results ignored="0" total="3" passed="3" failed="0" skipped="0">
  <reporter-output>
  </reporter-output>
  <suite started-at="2024-06-02T11:57:31 IST" name="All Test Suite" finished-at="2024-06-02T11:58:08 IST" duration-ms="37157">
    <groups>
    </groups>
    <test started-at="2024-06-02T11:57:31 IST" name="ChromeTest" finished-at="2024-06-02T11:57:40 IST" duration-ms="9065">
      <class name="PageTest.testCase01">
        <test-method is-config="true" signature="setUp(java.lang.String)[pri:0, instance:PageTest.testCase01@27f981c6]" started-at="2024-06-02T11:57:31 IST" name="setUp" finished-at="2024-06-02T11:57:35 IST" duration-ms="4386" status="PASS">
          <params>
            <param index="0">
              <value>
                <![CDATA[chrome]]>
              </value>
            </param>
          </params>
          <reporter-output>
          </reporter-output>
        </test-method> <!-- setUp -->
        <test-method signature="setUp2()[pri:0, instance:PageTest.testCase01@27f981c6]" started-at="2024-06-02T11:57:35 IST" name="setUp2" finished-at="2024-06-02T11:57:40 IST" duration-ms="4110" status="PASS">
          <reporter-output>
          </reporter-output>
        </test-method> <!-- setUp2 -->
        <test-method is-config="true" signature="tearDown()[pri:0, instance:PageTest.testCase01@27f981c6]" started-at="2024-06-02T11:57:40 IST" name="tearDown" finished-at="2024-06-02T11:57:40 IST" duration-ms="344" status="PASS">
          <reporter-output>
          </reporter-output>
        </test-method> <!-- tearDown -->
      </class> <!-- PageTest.testCase01 -->
    </test> <!-- ChromeTest -->
    <test started-at="2024-06-02T11:57:40 IST" name="FireFoxTest" finished-at="2024-06-02T11:57:56 IST" duration-ms="16172">
      <class name="PageTest.testCase01">
        <test-method is-config="true" signature="setUp(java.lang.String)[pri:0, instance:PageTest.testCase01@45099dd3]" started-at="2024-06-02T11:57:40 IST" name="setUp" finished-at="2024-06-02T11:57:48 IST" duration-ms="7354" status="PASS">
          <params>
            <param index="0">
              <value>
                <![CDATA[firefox]]>
              </value>
            </param>
          </params>
          <reporter-output>
          </reporter-output>
        </test-method> <!-- setUp -->
        <test-method signature="setUp2()[pri:0, instance:PageTest.testCase01@45099dd3]" started-at="2024-06-02T11:57:48 IST" name="setUp2" finished-at="2024-06-02T11:57:54 IST" duration-ms="5991" status="PASS">
          <reporter-output>
          </reporter-output>
        </test-method> <!-- setUp2 -->
        <test-method is-config="true" signature="tearDown()[pri:0, instance:PageTest.testCase01@45099dd3]" started-at="2024-06-02T11:57:54 IST" name="tearDown" finished-at="2024-06-02T11:57:56 IST" duration-ms="2819" status="PASS">
          <reporter-output>
          </reporter-output>
        </test-method> <!-- tearDown -->
      </class> <!-- PageTest.testCase01 -->
    </test> <!-- FireFoxTest -->
    <test started-at="2024-06-02T11:57:56 IST" name="EdgeTest" finished-at="2024-06-02T11:58:08 IST" duration-ms="11822">
      <class name="PageTest.testCase01">
        <test-method is-config="true" signature="setUp(java.lang.String)[pri:0, instance:PageTest.testCase01@1ffaf86]" started-at="2024-06-02T11:57:56 IST" name="setUp" finished-at="2024-06-02T11:58:02 IST" duration-ms="5348" status="PASS">
          <params>
            <param index="0">
              <value>
                <![CDATA[edge]]>
              </value>
            </param>
          </params>
          <reporter-output>
          </reporter-output>
        </test-method> <!-- setUp -->
        <test-method signature="setUp2()[pri:0, instance:PageTest.testCase01@1ffaf86]" started-at="2024-06-02T11:58:02 IST" name="setUp2" finished-at="2024-06-02T11:58:07 IST" duration-ms="5045" status="PASS">
          <reporter-output>
          </reporter-output>
        </test-method> <!-- setUp2 -->
        <test-method is-config="true" signature="tearDown()[pri:0, instance:PageTest.testCase01@1ffaf86]" started-at="2024-06-02T11:58:07 IST" name="tearDown" finished-at="2024-06-02T11:58:08 IST" duration-ms="1425" status="PASS">
          <reporter-output>
          </reporter-output>
        </test-method> <!-- tearDown -->
      </class> <!-- PageTest.testCase01 -->
    </test> <!-- EdgeTest -->
  </suite> <!-- All Test Suite -->
</testng-results>
